0 info it worked if it ends with ok
1 verbose cli [ '/home/vagrant/nvm/versions/node/v0.12.4/bin/node',
1 verbose cli   '/home/vagrant/nvm/versions/node/v0.12.4/bin/npm',
1 verbose cli   'publish' ]
2 info using npm@2.10.1
3 info using node@v0.12.4
4 verbose publish [ '.' ]
5 silly cache add args [ '.', null ]
6 verbose cache add spec .
7 silly cache add parsed spec { raw: '.',
7 silly cache add   scope: null,
7 silly cache add   name: null,
7 silly cache add   rawSpec: '.',
7 silly cache add   spec: '/home/vagrant/dev/hapi-radius',
7 silly cache add   type: 'directory' }
8 verbose addLocalDirectory /home/vagrant/.npm/hapi-radius/0.0.5/package.tgz not in flight; packing
9 verbose tar pack [ '/home/vagrant/.npm/hapi-radius/0.0.5/package.tgz',
9 verbose tar pack   '/home/vagrant/dev/hapi-radius' ]
10 verbose tarball /home/vagrant/.npm/hapi-radius/0.0.5/package.tgz
11 verbose folder /home/vagrant/dev/hapi-radius
12 info prepublish hapi-radius@0.0.5
13 verbose addLocalTarball adding from inside cache /home/vagrant/.npm/hapi-radius/0.0.5/package.tgz
14 silly cache afterAdd hapi-radius@0.0.5
15 verbose afterAdd /home/vagrant/.npm/hapi-radius/0.0.5/package/package.json not in flight; writing
16 verbose afterAdd /home/vagrant/.npm/hapi-radius/0.0.5/package/package.json written
17 silly publish { name: 'hapi-radius',
17 silly publish   version: '0.0.5',
17 silly publish   description: 'Hapi RADIUS plugin.',
17 silly publish   main: 'index.js',
17 silly publish   scripts:
17 silly publish    { test: './node_modules/lab/bin/lab -c -L',
17 silly publish      'test-cover': './node_modules/lab/bin/lab -c -r html -o ./test/artifacts/coverage.html && open ./test/artifacts/coverage.html' },
17 silly publish   repository:
17 silly publish    { type: 'git',
17 silly publish      url: 'git+https://github.com/iostat42/hapi-radius.git' },
17 silly publish   keywords: [ 'hapi', 'plugin', 'radius', 'auth' ],
17 silly publish   author: { name: 'iostat42', email: 'iostat42@gmail.com' },
17 silly publish   license: 'MIT',
17 silly publish   bugs: { url: 'https://github.com/iostat42/hapi-radius/issues' },
17 silly publish   homepage: 'https://github.com/iostat42/hapi-radius',
17 silly publish   devDependencies:
17 silly publish    { code: '1.x.x',
17 silly publish      hapi: '8.x.x',
17 silly publish      lab: '5.x.x',
17 silly publish      'mock-radius': '0.0.x',
17 silly publish      radius: '1.x.x' },
17 silly publish   dependencies:
17 silly publish    { hoek: '2.x.x',
17 silly publish      joi: '6.x.x',
17 silly publish      lodash: '3.x.x',
17 silly publish      radclient: '1.x.x' },
17 silly publish   readme: '# hapi-radius  [![Build Status](https://travis-ci.org/iostat42/hapi-radius.svg?branch=master)](https://travis-ci.org/iostat42/hapi-radius)\n\nHapi radius plugin.\n\nThis plugin is in the very early stages of development.  Pleast note that a working radius server is required in order for the tests to pass.  I will remedy this as soon as possible.\n\n\n## Install\n```bash\ngit clone https://github.com/iostat42/hapi-radius.git\n```\n\n## Usage\n\n\n#### Basic Plugin Config:\n```bash\n{\n    register: require(\'../..\'),\n    options: {\n        client: {\n            ipAddress: \'192.168.1.10\',\n            secret: \'mySharedSecret\'\n        },\n        options: {\n            host: [ \'radiusA\', \'radiusB\' ], // accepts single or array of hosts\n        }\n    }\n}\n```\n\n#### Testing Config:\n\n##### Create test/artifacts/config.js\n\n```bash\nvar config = {};\n\n// Radius\n\nconfig.radius = {\n    client: {\n        ipAddress: \'192.168.1.10\',\n        secret: \'mySharedSecret\'\n    },\n    options: {\n        host: [ \'radiusA\', \'radiusB\' ], // accepts single or array of hosts\n    }\n};\n\n// Config options for tests\n\nconfig.app = {\n    name: \'hapi-radius\'\n};\n\n// Plugins to register\n\nconfig.plugins = [\n  {\n    register: require(\'../..\'),\n    options: config.radius\n  }\n];\n\nconfig.pluginOptions = {};\n\n\n// User\n\nconfig.user = {\n    userName: \'user1\',\n    password: \'password\'\n};\n\n\nmodule.exports = config;\n```\n\n\n#### Run Tests:\n\n```bash\n$ npm test\n```\n\n\n\n## License\n\nMIT\n',
17 silly publish   readmeFilename: 'README.md',
17 silly publish   gitHead: '12bad4550d038db700c29a38ca3cd9fd98d24102',
17 silly publish   _id: 'hapi-radius@0.0.5',
17 silly publish   _shasum: '72587a080b48342584ed0c84cad1a004bcbf7d79',
17 silly publish   _from: '.' }
18 verbose getPublishConfig undefined
19 silly mapToRegistry name hapi-radius
20 silly mapToRegistry using default registry
21 silly mapToRegistry registry https://registry.npmjs.org/
22 silly mapToRegistry uri https://registry.npmjs.org/hapi-radius
23 verbose publish registryBase https://registry.npmjs.org/
24 silly publish uploading /home/vagrant/.npm/hapi-radius/0.0.5/package.tgz
25 verbose request uri https://registry.npmjs.org/hapi-radius
26 verbose request sending authorization for write operation
27 info attempt registry request try #1 at 02:36:07
28 verbose request using bearer token for auth
29 verbose request id e75ad01410e4f518
30 http request PUT https://registry.npmjs.org/hapi-radius
31 http 403 https://registry.npmjs.org/hapi-radius
32 verbose headers { 'content-type': 'application/json',
32 verbose headers   'cache-control': 'max-age=60',
32 verbose headers   'content-length': '95',
32 verbose headers   'accept-ranges': 'bytes',
32 verbose headers   date: 'Wed, 17 Jun 2015 02:36:12 GMT',
32 verbose headers   via: '1.1 varnish',
32 verbose headers   connection: 'keep-alive',
32 verbose headers   'x-served-by': 'cache-iad2125-IAD',
32 verbose headers   'x-cache': 'MISS',
32 verbose headers   'x-cache-hits': '0',
32 verbose headers   'x-timer': 'S1434508571.915013,VS0,VE649' }
33 verbose request invalidating /home/vagrant/.npm/registry.npmjs.org/hapi-radius on PUT
34 error publish Failed PUT 403
35 verbose stack Error: "You cannot publish over the previously published version 0.0.5." : hapi-radius
35 verbose stack     at CachingRegistryClient.<anonymous> (/home/vagrant/nvm/versions/node/v0.12.4/lib/node_modules/npm/node_modules/npm-registry-client/lib/request.js:247:14)
35 verbose stack     at Request._callback (/home/vagrant/nvm/versions/node/v0.12.4/lib/node_modules/npm/node_modules/npm-registry-client/lib/request.js:170:14)
35 verbose stack     at Request.self.callback (/home/vagrant/nvm/versions/node/v0.12.4/lib/node_modules/npm/node_modules/request/request.js:368:22)
35 verbose stack     at Request.emit (events.js:110:17)
35 verbose stack     at Request.<anonymous> (/home/vagrant/nvm/versions/node/v0.12.4/lib/node_modules/npm/node_modules/request/request.js:1219:14)
35 verbose stack     at Request.emit (events.js:129:20)
35 verbose stack     at IncomingMessage.<anonymous> (/home/vagrant/nvm/versions/node/v0.12.4/lib/node_modules/npm/node_modules/request/request.js:1167:12)
35 verbose stack     at IncomingMessage.emit (events.js:129:20)
35 verbose stack     at _stream_readable.js:908:16
35 verbose stack     at process._tickCallback (node.js:355:11)
36 verbose statusCode 403
37 verbose pkgid hapi-radius
38 verbose cwd /home/vagrant/dev/hapi-radius
39 error Linux 3.13.0-53-generic
40 error argv "/home/vagrant/nvm/versions/node/v0.12.4/bin/node" "/home/vagrant/nvm/versions/node/v0.12.4/bin/npm" "publish"
41 error node v0.12.4
42 error npm  v2.10.1
43 error code E403
44 error "You cannot publish over the previously published version 0.0.5." : hapi-radius
45 error If you need help, you may report this error at:
45 error     <https://github.com/npm/npm/issues>
46 verbose exit [ 1, true ]
